#
# A fatal error has been detected by the Java Runtime Environment:
#
#  EXCEPTION_ACCESS_VIOLATION (0xc0000005) at pc=0x000000006279d7a0, pid=6708, tid=0x000000000000482c
#
# JRE version: Java(TM) SE Runtime Environment (8.0_144-b01) (build 1.8.0_144-b01)
# Java VM: Java HotSpot(TM) 64-Bit Server VM (25.144-b01 mixed mode windows-amd64 compressed oops)
# Problematic frame:
# V  [jvm.dll+0x45d7a0]
#
# Failed to write core dump. Minidumps are not enabled by default on client versions of Windows
#
# If you would like to submit a bug report, please visit:
#   http://bugreport.java.com/bugreport/crash.jsp
#

---------------  T H R E A D  ---------------

Current thread (0x00000000171f8000):  JavaThread "C2 CompilerThread0" daemon [_thread_in_native, id=18476, stack(0x0000000018e70000,0x0000000018f70000)]

siginfo: ExceptionCode=0xc0000005, reading address 0xffffffffffffffff

Registers:
RAX=0x030303030ffffcff, RBX=0x00000000001c8730, RCX=0x0000000003030301, RDX=0x0000000000000008
RSP=0x0000000018f6c568, RBP=0x0000000018f6c670, RSI=0x0000000018f6cb40, RDI=0x000000000028eb10
R8 =0x0000000000000000, R9 =0x0000000000204710, R10=0x0000000018f6c850, R11=0x0000000018f6c540
R12=0x0000000021e05050, R13=0x000000001a651370, R14=0x0000000021d28e30, R15=0x0000000000000001
RIP=0x000000006279d7a0, EFLAGS=0x0000000000010202

Top of Stack: (sp=0x0000000018f6c568)
0x0000000018f6c568:   00000000627dedde 000000000028eb10
0x0000000018f6c578:   00000000001c8730 0000000018f6c670
0x0000000018f6c588:   0000000022007498 0000002800000000
0x0000000018f6c598:   000000000000003a 0000000021d28e30
0x0000000018f6c5a8:   00005d8700000004 000006cd00000039
0x0000000018f6c5b8:   0000000000000026 0000000005055455
0x0000000018f6c5c8:   0000000000000000 0000000000000000
0x0000000018f6c5d8:   0000000000000000 0000000000000000
0x0000000018f6c5e8:   000049cc00000000 0303030300000008
0x0000000018f6c5f8:   0000000022ce0da0 0000000000000062
0x0000000018f6c608:   0000000022d912e0 0000000000000062
0x0000000018f6c618:   0000000018f6c6c0 0000000000000029
0x0000000018f6c628:   0000000000000002 0000000000300000
0x0000000018f6c638:   0000000000000000 0000000000000000
0x0000000018f6c648:   0000000000000000 0000000000000000
0x0000000018f6c658:   00000000000006cd 0000000000000000 

Instructions: (pc=0x000000006279d7a0)
0x000000006279d780:   74 c3 48 8b 42 30 48 39 41 30 74 d4 32 c0 c3 cc
0x000000006279d790:   48 8b c1 8b 49 08 ff c9 85 c9 7e 0d 0f 1f 40 00
0x000000006279d7a0:   48 8b 00 ff c9 85 c9 7f f7 8b 40 0c c3 cc cc cc
0x000000006279d7b0:   8b 41 1c c3 cc cc cc cc cc cc cc cc cc cc cc cc 


Register to memory mapping:

RAX=0x030303030ffffcff is an unknown value
RBX=0x00000000001c8730 is an unknown value
RCX=0x0000000003030301 is at entry_point+15745 in (nmethod*)0x000000000302bfd0
RDX=0x0000000000000008 is an unknown value
RSP=0x0000000018f6c568 is pointing into the stack for thread: 0x00000000171f8000
RBP=0x0000000018f6c670 is pointing into the stack for thread: 0x00000000171f8000
RSI=0x0000000018f6cb40 is pointing into the stack for thread: 0x00000000171f8000
RDI=0x000000000028eb10 is an unknown value
R8 =0x0000000000000000 is an unknown value
R9 =0x0000000000204710 is an unknown value
R10=0x0000000018f6c850 is pointing into the stack for thread: 0x00000000171f8000
R11=0x0000000018f6c540 is pointing into the stack for thread: 0x00000000171f8000
R12=0x0000000021e05050 is an unknown value
R13=0x000000001a651370 is an unknown value
R14=0x0000000021d28e30 is an unknown value
R15=0x0000000000000001 is an unknown value


Stack: [0x0000000018e70000,0x0000000018f70000],  sp=0x0000000018f6c568,  free space=1009k
Native frames: (J=compiled Java code, j=interpreted, Vv=VM code, C=native code)
V  [jvm.dll+0x45d7a0]


Current CompileTask:
C2:  35196 4190       4       com.sun.beans.TypeResolver::resolve (37 bytes)


---------------  P R O C E S S  ---------------

Java Threads: ( => current thread )
  0x0000000019a3b800 JavaThread "container-0" [_thread_blocked, id=13280, stack(0x0000000020c80000,0x0000000020d80000)]
  0x000000001ae52800 JavaThread "ContainerBackgroundProcessor[StandardEngine[Tomcat]]" daemon [_thread_blocked, id=11080, stack(0x0000000020b80000,0x0000000020c80000)]
  0x000000001c531000 JavaThread "localhost-startStop-1" daemon [_thread_blocked, id=8608, stack(0x000000001f740000,0x000000001f840000)]
  0x000000001ab1c000 JavaThread "Tomcat-startStop-1" daemon [_thread_blocked, id=20392, stack(0x000000001f640000,0x000000001f740000)]
  0x0000000018fcd000 JavaThread "Service Thread" daemon [_thread_blocked, id=2668, stack(0x0000000019570000,0x0000000019670000)]
  0x0000000018f9b000 JavaThread "C1 CompilerThread2" daemon [_thread_blocked, id=11324, stack(0x0000000019470000,0x0000000019570000)]
  0x000000001721e000 JavaThread "C2 CompilerThread1" daemon [_thread_blocked, id=5816, stack(0x0000000019370000,0x0000000019470000)]
=>0x00000000171f8000 JavaThread "C2 CompilerThread0" daemon [_thread_in_native, id=18476, stack(0x0000000018e70000,0x0000000018f70000)]
  0x00000000171de000 JavaThread "JDWP Command Reader" daemon [_thread_in_native, id=19600, stack(0x0000000018d70000,0x0000000018e70000)]
  0x00000000171da800 JavaThread "JDWP Event Helper Thread" daemon [_thread_blocked, id=20736, stack(0x0000000018c70000,0x0000000018d70000)]
  0x00000000171cd000 JavaThread "JDWP Transport Listener: dt_socket" daemon [_thread_blocked, id=11912, stack(0x0000000018b70000,0x0000000018c70000)]
  0x00000000171c2800 JavaThread "Attach Listener" daemon [_thread_blocked, id=14236, stack(0x0000000018730000,0x0000000018830000)]
  0x00000000171c1000 JavaThread "Signal Dispatcher" daemon [_thread_blocked, id=14980, stack(0x0000000018630000,0x0000000018730000)]
  0x000000000255e000 JavaThread "Finalizer" daemon [_thread_blocked, id=20956, stack(0x0000000018420000,0x0000000018520000)]
  0x0000000017189000 JavaThread "Reference Handler" daemon [_thread_blocked, id=20700, stack(0x0000000018320000,0x0000000018420000)]
  0x0000000002464800 JavaThread "main" [_thread_in_vm, id=25588, stack(0x00000000022e0000,0x00000000023e0000)]

Other Threads:
  0x0000000017188000 VMThread [stack: 0x0000000018220000,0x0000000018320000] [id=6308]
  0x0000000018fd4800 WatcherThread [stack: 0x0000000019670000,0x0000000019770000] [id=21984]

VM state:not at safepoint (normal execution)

VM Mutex/Monitor currently owned by a thread: None

Heap:
 PSYoungGen      total 161792K, used 35555K [0x00000000d5c00000, 0x00000000e2500000, 0x0000000100000000)
  eden space 151552K, 16% used [0x00000000d5c00000,0x00000000d74b99e0,0x00000000df000000)
  from space 10240K, 99% used [0x00000000dfd80000,0x00000000e077f5f8,0x00000000e0780000)
  to   space 13824K, 0% used [0x00000000df000000,0x00000000df000000,0x00000000dfd80000)
 ParOldGen       total 52224K, used 17693K [0x0000000081400000, 0x0000000084700000, 0x00000000d5c00000)
  object space 52224K, 33% used [0x0000000081400000,0x00000000825476a8,0x0000000084700000)
 Metaspace       used 34383K, capacity 34916K, committed 34992K, reserved 1079296K
  class space    used 4102K, capacity 4219K, committed 4272K, reserved 1048576K

Card table byte_map: [0x0000000011a10000,0x0000000011e10000] byte_map_base: 0x0000000011606000

Marking Bits: (ParMarkBitMap*) 0x0000000062b5d850
 Begin Bits: [0x00000000124c0000, 0x0000000014470000)
 End Bits:   [0x0000000014470000, 0x0000000016420000)

Polling page: 0x00000000001f0000

CodeCache: size=245760Kb used=15720Kb max_used=16022Kb free=230039Kb
 bounds [0x0000000002650000, 0x0000000003610000, 0x0000000011650000]
 total_blobs=4150 nmethods=3743 adapters=326
 compilation: enabled

Compilation events (10 events):
Event: 34.635 Thread 0x0000000018f9b000 4330       3       org.springframework.util.ReflectionUtils::findConcreteMethodsOnInterfaces (100 bytes)
Event: 34.636 Thread 0x0000000018f9b000 nmethod 4330 0x00000000035b89d0 code [0x00000000035b8be0, 0x00000000035b9678]
Event: 34.636 Thread 0x0000000018f9b000 4331       3       org.springframework.web.servlet.mvc.condition.ProducesRequestCondition::getContent (5 bytes)
Event: 34.637 Thread 0x0000000018f9b000 nmethod 4331 0x00000000035b9d50 code [0x00000000035b9ea0, 0x00000000035ba090]
Event: 34.637 Thread 0x0000000018f9b000 4332       3       java.util.Date::<init> (10 bytes)
Event: 34.637 Thread 0x0000000018f9b000 nmethod 4332 0x00000000035ba110 code [0x00000000035ba260, 0x00000000035ba410]
Event: 34.637 Thread 0x0000000018f9b000 4333       3       org.springframework.context.support.AbstractApplicationContext::assertBeanFactoryActive (81 bytes)
Event: 34.639 Thread 0x0000000018f9b000 nmethod 4333 0x00000000035ba4d0 code [0x00000000035ba760, 0x00000000035bba18]
Event: 34.640 Thread 0x0000000018f9b000 4334       3       org.springframework.context.support.ApplicationObjectSupport::getApplicationContext (51 bytes)
Event: 34.641 Thread 0x0000000018f9b000 nmethod 4334 0x00000000035bc150 code [0x00000000035bc380, 0x00000000035bd028]

GC Heap History (10 events):
Event: 14.353 GC heap before
{Heap before GC invocations=7 (full 0):
 PSYoungGen      total 73728K, used 13151K [0x00000000d5c00000, 0x00000000dab00000, 0x0000000100000000)
  eden space 66560K, 11% used [0x00000000d5c00000,0x00000000d6378240,0x00000000d9d00000)
  from space 7168K, 76% used [0x00000000da400000,0x00000000da95fbf8,0x00000000dab00000)
  to   space 7168K, 0% used [0x00000000d9d00000,0x00000000d9d00000,0x00000000da400000)
 ParOldGen       total 87552K, used 5798K [0x0000000081400000, 0x0000000086980000, 0x00000000d5c00000)
  object space 87552K, 6% used [0x0000000081400000,0x00000000819a98e0,0x0000000086980000)
 Metaspace       used 20896K, capacity 21178K, committed 21296K, reserved 1069056K
  class space    used 2464K, capacity 2572K, committed 2608K, reserved 1048576K
Event: 14.377 GC heap after
Heap after GC invocations=7 (full 0):
 PSYoungGen      total 73728K, used 3223K [0x00000000d5c00000, 0x00000000ded00000, 0x0000000100000000)
  eden space 66560K, 0% used [0x00000000d5c00000,0x00000000d5c00000,0x00000000d9d00000)
  from space 7168K, 44% used [0x00000000d9d00000,0x00000000da025f10,0x00000000da400000)
  to   space 7680K, 0% used [0x00000000de580000,0x00000000de580000,0x00000000ded00000)
 ParOldGen       total 87552K, used 8337K [0x0000000081400000, 0x0000000086980000, 0x00000000d5c00000)
  object space 87552K, 9% used [0x0000000081400000,0x0000000081c244e8,0x0000000086980000)
 Metaspace       used 20896K, capacity 21178K, committed 21296K, reserved 1069056K
  class space    used 2464K, capacity 2572K, committed 2608K, reserved 1048576K
}
Event: 14.377 GC heap before
{Heap before GC invocations=8 (full 1):
 PSYoungGen      total 73728K, used 3223K [0x00000000d5c00000, 0x00000000ded00000, 0x0000000100000000)
  eden space 66560K, 0% used [0x00000000d5c00000,0x00000000d5c00000,0x00000000d9d00000)
  from space 7168K, 44% used [0x00000000d9d00000,0x00000000da025f10,0x00000000da400000)
  to   space 7680K, 0% used [0x00000000de580000,0x00000000de580000,0x00000000ded00000)
 ParOldGen       total 87552K, used 8337K [0x0000000081400000, 0x0000000086980000, 0x00000000d5c00000)
  object space 87552K, 9% used [0x0000000081400000,0x0000000081c244e8,0x0000000086980000)
 Metaspace       used 20896K, capacity 21178K, committed 21296K, reserved 1069056K
  class space    used 2464K, capacity 2572K, committed 2608K, reserved 1048576K
Event: 14.580 GC heap after
Heap after GC invocations=8 (full 1):
 PSYoungGen      total 73728K, used 0K [0x00000000d5c00000, 0x00000000ded00000, 0x0000000100000000)
  eden space 66560K, 0% used [0x00000000d5c00000,0x00000000d5c00000,0x00000000d9d00000)
  from space 7168K, 0% used [0x00000000d9d00000,0x00000000d9d00000,0x00000000da400000)
  to   space 7680K, 0% used [0x00000000de580000,0x00000000de580000,0x00000000ded00000)
 ParOldGen       total 52224K, used 6994K [0x0000000081400000, 0x0000000084700000, 0x00000000d5c00000)
  object space 52224K, 13% used [0x0000000081400000,0x0000000081ad48d8,0x0000000084700000)
 Metaspace       used 20896K, capacity 21178K, committed 21296K, reserved 1069056K
  class space    used 2464K, capacity 2572K, committed 2608K, reserved 1048576K
}
Event: 20.080 GC heap before
{Heap before GC invocations=9 (full 1):
 PSYoungGen      total 73728K, used 66560K [0x00000000d5c00000, 0x00000000ded00000, 0x0000000100000000)
  eden space 66560K, 100% used [0x00000000d5c00000,0x00000000d9d00000,0x00000000d9d00000)
  from space 7168K, 0% used [0x00000000d9d00000,0x00000000d9d00000,0x00000000da400000)
  to   space 7680K, 0% used [0x00000000de580000,0x00000000de580000,0x00000000ded00000)
 ParOldGen       total 52224K, used 6994K [0x0000000081400000, 0x0000000084700000, 0x00000000d5c00000)
  object space 52224K, 13% used [0x0000000081400000,0x0000000081ad48d8,0x0000000084700000)
 Metaspace       used 26172K, capacity 26502K, committed 26800K, reserved 1073152K
  class space    used 3105K, capacity 3190K, committed 3248K, reserved 1048576K
Event: 20.117 GC heap after
Heap after GC invocations=9 (full 1):
 PSYoungGen      total 119296K, used 6716K [0x00000000d5c00000, 0x00000000dec80000, 0x0000000100000000)
  eden space 112128K, 0% used [0x00000000d5c00000,0x00000000d5c00000,0x00000000dc980000)
  from space 7168K, 93% used [0x00000000de580000,0x00000000dec0f370,0x00000000dec80000)
  to   space 8192K, 0% used [0x00000000ddc80000,0x00000000ddc80000,0x00000000de480000)
 ParOldGen       total 52224K, used 7002K [0x0000000081400000, 0x0000000084700000, 0x00000000d5c00000)
  object space 52224K, 13% used [0x0000000081400000,0x0000000081ad68d8,0x0000000084700000)
 Metaspace       used 26172K, capacity 26502K, committed 26800K, reserved 1073152K
  class space    used 3105K, capacity 3190K, committed 3248K, reserved 1048576K
}
Event: 24.195 GC heap before
{Heap before GC invocations=10 (full 1):
 PSYoungGen      total 119296K, used 118792K [0x00000000d5c00000, 0x00000000dec80000, 0x0000000100000000)
  eden space 112128K, 99% used [0x00000000d5c00000,0x00000000dc972db8,0x00000000dc980000)
  from space 7168K, 93% used [0x00000000de580000,0x00000000dec0f370,0x00000000dec80000)
  to   space 8192K, 0% used [0x00000000ddc80000,0x00000000ddc80000,0x00000000de480000)
 ParOldGen       total 52224K, used 7002K [0x0000000081400000, 0x0000000084700000, 0x00000000d5c00000)
  object space 52224K, 13% used [0x0000000081400000,0x0000000081ad68d8,0x0000000084700000)
 Metaspace       used 30393K, capacity 30756K, committed 31280K, reserved 1077248K
  class space    used 3659K, capacity 3771K, committed 3888K, reserved 1048576K
Event: 24.232 GC heap after
Heap after GC invocations=10 (full 1):
 PSYoungGen      total 139776K, used 8175K [0x00000000d5c00000, 0x00000000e0780000, 0x0000000100000000)
  eden space 131584K, 0% used [0x00000000d5c00000,0x00000000d5c00000,0x00000000ddc80000)
  from space 8192K, 99% used [0x00000000ddc80000,0x00000000de47be60,0x00000000de480000)
  to   space 10240K, 0% used [0x00000000dfd80000,0x00000000dfd80000,0x00000000e0780000)
 ParOldGen       total 52224K, used 10886K [0x0000000081400000, 0x0000000084700000, 0x00000000d5c00000)
  object space 52224K, 20% used [0x0000000081400000,0x0000000081ea1910,0x0000000084700000)
 Metaspace       used 30393K, capacity 30756K, committed 31280K, reserved 1077248K
  class space    used 3659K, capacity 3771K, committed 3888K, reserved 1048576K
}
Event: 33.581 GC heap before
{Heap before GC invocations=11 (full 1):
 PSYoungGen      total 139776K, used 139759K [0x00000000d5c00000, 0x00000000e0780000, 0x0000000100000000)
  eden space 131584K, 100% used [0x00000000d5c00000,0x00000000ddc80000,0x00000000ddc80000)
  from space 8192K, 99% used [0x00000000ddc80000,0x00000000de47be60,0x00000000de480000)
  to   space 10240K, 0% used [0x00000000dfd80000,0x00000000dfd80000,0x00000000e0780000)
 ParOldGen       total 52224K, used 10886K [0x0000000081400000, 0x0000000084700000, 0x00000000d5c00000)
  object space 52224K, 20% used [0x0000000081400000,0x0000000081ea1910,0x0000000084700000)
 Metaspace       used 34069K, capacity 34558K, committed 34736K, reserved 1079296K
  class space    used 4070K, capacity 4202K, committed 4272K, reserved 1048576K
Event: 33.642 GC heap after
Heap after GC invocations=11 (full 1):
 PSYoungGen      total 161792K, used 10237K [0x00000000d5c00000, 0x00000000e2500000, 0x0000000100000000)
  eden space 151552K, 0% used [0x00000000d5c00000,0x00000000d5c00000,0x00000000df000000)
  from space 10240K, 99% used [0x00000000dfd80000,0x00000000e077f5f8,0x00000000e0780000)
  to   space 13824K, 0% used [0x00000000df000000,0x00000000df000000,0x00000000dfd80000)
 ParOldGen       total 52224K, used 17693K [0x0000000081400000, 0x0000000084700000, 0x00000000d5c00000)
  object space 52224K, 33% used [0x0000000081400000,0x00000000825476a8,0x0000000084700000)
 Metaspace       used 34069K, capacity 34558K, committed 34736K, reserved 1079296K
  class space    used 4070K, capacity 4202K, committed 4272K, reserved 1048576K
}

Deoptimization events (10 events):
Event: 34.605 Thread 0x0000000002464800 Uncommon trap: reason=range_check action=none pc=0x000000000288ca5c method=sun.reflect.generics.parser.SignatureParser.current()C @ 34
Event: 34.627 Thread 0x0000000002464800 Uncommon trap: reason=unhandled action=none pc=0x00000000029d7dc4 method=java.net.URLClassLoader.findClass(Ljava/lang/String;)Ljava/lang/Class; @ 44
Event: 34.629 Thread 0x0000000002464800 Uncommon trap: reason=unhandled action=none pc=0x00000000029d7dc4 method=java.net.URLClassLoader.findClass(Ljava/lang/String;)Ljava/lang/Class; @ 44
Event: 34.635 Thread 0x0000000002464800 Uncommon trap: reason=range_check action=none pc=0x000000000288ca5c method=sun.reflect.generics.parser.SignatureParser.current()C @ 34
Event: 34.636 Thread 0x0000000002464800 Uncommon trap: reason=range_check action=none pc=0x000000000288ca5c method=sun.reflect.generics.parser.SignatureParser.current()C @ 34
Event: 34.653 Thread 0x0000000002464800 Uncommon trap: reason=unhandled action=none pc=0x00000000029d7dc4 method=java.net.URLClassLoader.findClass(Ljava/lang/String;)Ljava/lang/Class; @ 44
Event: 34.654 Thread 0x0000000002464800 Uncommon trap: reason=unhandled action=none pc=0x00000000029d7dc4 method=java.net.URLClassLoader.findClass(Ljava/lang/String;)Ljava/lang/Class; @ 44
Event: 34.655 Thread 0x0000000002464800 Uncommon trap: reason=unhandled action=none pc=0x00000000032a9014 method=java.net.URLClassLoader.findClass(Ljava/lang/String;)Ljava/lang/Class; @ 44
Event: 34.655 Thread 0x0000000002464800 Uncommon trap: reason=unhandled action=none pc=0x00000000029d7dc4 method=java.net.URLClassLoader.findClass(Ljava/lang/String;)Ljava/lang/Class; @ 44
Event: 34.656 Thread 0x0000000002464800 Uncommon trap: reason=unhandled action=none pc=0x00000000032a9014 method=java.net.URLClassLoader.findClass(Ljava/lang/String;)Ljava/lang/Class; @ 44

Internal exceptions (10 events):
Event: 34.290 Thread 0x0000000002464800 Exception <a 'java/lang/ArrayIndexOutOfBoundsException': 126> (0x00000000d67667f8) thrown at [C:\re\workspace\8-2-build-windows-amd64-cygwin\jdk8u144\9417\hotspot\src\share\vm\interpreter\interpreterRuntime.cpp, line 366]
Event: 34.366 Thread 0x0000000002464800 Exception <a 'java/lang/ArrayIndexOutOfBoundsException': 123> (0x00000000d6788d38) thrown at [C:\re\workspace\8-2-build-windows-amd64-cygwin\jdk8u144\9417\hotspot\src\share\vm\interpreter\interpreterRuntime.cpp, line 366]
Event: 34.426 Thread 0x0000000002464800 Exception <a 'java/lang/ArrayIndexOutOfBoundsException': 180> (0x00000000d67c6ec8) thrown at [C:\re\workspace\8-2-build-windows-amd64-cygwin\jdk8u144\9417\hotspot\src\share\vm\interpreter\interpreterRuntime.cpp, line 366]
Event: 34.441 Thread 0x0000000002464800 Exception <a 'java/lang/ArrayIndexOutOfBoundsException': 131> (0x00000000d67ffc60) thrown at [C:\re\workspace\8-2-build-windows-amd64-cygwin\jdk8u144\9417\hotspot\src\share\vm\interpreter\interpreterRuntime.cpp, line 366]
Event: 34.460 Thread 0x0000000002464800 Exception <a 'java/lang/ArrayIndexOutOfBoundsException': 123> (0x00000000d68326a0) thrown at [C:\re\workspace\8-2-build-windows-amd64-cygwin\jdk8u144\9417\hotspot\src\share\vm\interpreter\interpreterRuntime.cpp, line 366]
Event: 34.604 Thread 0x0000000002464800 Exception <a 'java/lang/ArrayIndexOutOfBoundsException': 123> (0x00000000d68cf828) thrown at [C:\re\workspace\8-2-build-windows-amd64-cygwin\jdk8u144\9417\hotspot\src\share\vm\interpreter\interpreterRuntime.cpp, line 366]
Event: 34.605 Thread 0x0000000002464800 Exception <a 'java/lang/ArrayIndexOutOfBoundsException': 123> (0x00000000d68d9070) thrown at [C:\re\workspace\8-2-build-windows-amd64-cygwin\jdk8u144\9417\hotspot\src\share\vm\interpreter\interpreterRuntime.cpp, line 366]
Event: 34.635 Thread 0x0000000002464800 Exception <a 'java/lang/ArrayIndexOutOfBoundsException': 137> (0x00000000d696c128) thrown at [C:\re\workspace\8-2-build-windows-amd64-cygwin\jdk8u144\9417\hotspot\src\share\vm\interpreter\interpreterRuntime.cpp, line 366]
Event: 34.636 Thread 0x0000000002464800 Exception <a 'java/lang/ArrayIndexOutOfBoundsException': 64> (0x00000000d696ec00) thrown at [C:\re\workspace\8-2-build-windows-amd64-cygwin\jdk8u144\9417\hotspot\src\share\vm\interpreter\interpreterRuntime.cpp, line 366]
Event: 34.655 Thread 0x0000000002464800 Exception <a 'java/lang/ClassNotFoundException': java/lang/ObjectCustomizer> (0x00000000d6a14200) thrown at [C:\re\workspace\8-2-build-windows-amd64-cygwin\jdk8u144\9417\hotspot\src\share\vm\classfile\systemDictionary.cpp, line 210]

Events (10 events):
Event: 34.656 Thread 0x0000000002464800 DEOPT UNPACKING pc=0x000000000269582a sp=0x00000000023dd9f8 mode 2
Event: 34.656 Thread 0x0000000002464800 Uncommon trap: trap_request=0xffffffa7 fr.pc=0x00000000032a9014
Event: 34.656 Thread 0x0000000002464800 DEOPT PACKING pc=0x00000000032a9014 sp=0x00000000023ddaf0
Event: 34.656 Thread 0x0000000002464800 DEOPT UNPACKING pc=0x000000000269582a sp=0x00000000023dda98 mode 2
Event: 34.656 Thread 0x0000000002464800 DEOPT PACKING pc=0x0000000002dbbe74 sp=0x00000000023ddc00
Event: 34.656 Thread 0x0000000002464800 DEOPT UNPACKING pc=0x000000000269787f sp=0x00000000023dd8f8 mode 1
Event: 34.656 Thread 0x0000000002464800 DEOPT PACKING pc=0x0000000003502dd4 sp=0x00000000023de560
Event: 34.656 Thread 0x0000000002464800 DEOPT UNPACKING pc=0x000000000269787f sp=0x00000000023de260 mode 1
Event: 34.656 Thread 0x0000000002464800 DEOPT PACKING pc=0x0000000002f2f0a4 sp=0x00000000023de5a0
Event: 34.656 Thread 0x0000000002464800 DEOPT UNPACKING pc=0x000000000269787f sp=0x00000000023de300 mode 1


Dynamic libraries:
0x00007ff7fd330000 - 0x00007ff7fd367000 	C:\Program Files\Java\jdk1.8.0_144\bin\javaw.exe
0x00007ff9975a0000 - 0x00007ff997781000 	C:\WINDOWS\SYSTEM32\ntdll.dll
0x00007ff995320000 - 0x00007ff9953d2000 	C:\WINDOWS\System32\KERNEL32.DLL
0x00007ff993c10000 - 0x00007ff993e83000 	C:\WINDOWS\System32\KERNELBASE.dll
0x00007ff996e30000 - 0x00007ff996ed1000 	C:\WINDOWS\System32\ADVAPI32.dll
0x00007ff995570000 - 0x00007ff99560e000 	C:\WINDOWS\System32\msvcrt.dll
0x00007ff996c90000 - 0x00007ff996ceb000 	C:\WINDOWS\System32\sechost.dll
0x00007ff9971f0000 - 0x00007ff997314000 	C:\WINDOWS\System32\RPCRT4.dll
0x00007ff997320000 - 0x00007ff9974b0000 	C:\WINDOWS\System32\USER32.dll
0x00007ff994940000 - 0x00007ff994960000 	C:\WINDOWS\System32\win32u.dll
0x00007ff997510000 - 0x00007ff997538000 	C:\WINDOWS\System32\GDI32.dll
0x00007ff9939c0000 - 0x00007ff993b52000 	C:\WINDOWS\System32\gdi32full.dll
0x00007ff994960000 - 0x00007ff9949ff000 	C:\WINDOWS\System32\msvcp_win.dll
0x00007ff994840000 - 0x00007ff99493a000 	C:\WINDOWS\System32\ucrtbase.dll
0x00007ff98c660000 - 0x00007ff98c8c9000 	C:\WINDOWS\WinSxS\amd64_microsoft.windows.common-controls_6595b64144ccf1df_6.0.17134.407_none_fb449d63306391e9\COMCTL32.dll
0x00007ff994fb0000 - 0x00007ff9952d2000 	C:\WINDOWS\System32\combase.dll
0x00007ff993940000 - 0x00007ff9939ba000 	C:\WINDOWS\System32\bcryptPrimitives.dll
0x00007ff9952e0000 - 0x00007ff99530d000 	C:\WINDOWS\System32\IMM32.DLL
0x0000000064100000 - 0x00000000641d2000 	C:\Program Files\Java\jdk1.8.0_144\jre\bin\msvcr100.dll
0x0000000062340000 - 0x0000000062bdd000 	C:\Program Files\Java\jdk1.8.0_144\jre\bin\server\jvm.dll
0x00007ff996ee0000 - 0x00007ff996ee8000 	C:\WINDOWS\System32\PSAPI.DLL
0x00007ff9872a0000 - 0x00007ff9872a9000 	C:\WINDOWS\SYSTEM32\WSOCK32.dll
0x00007ff996cf0000 - 0x00007ff996d5c000 	C:\WINDOWS\System32\WS2_32.dll
0x00007ff988b60000 - 0x00007ff988b83000 	C:\WINDOWS\SYSTEM32\WINMM.dll
0x00007ff9893f0000 - 0x00007ff9893fa000 	C:\WINDOWS\SYSTEM32\VERSION.dll
0x00007ff988830000 - 0x00007ff98885a000 	C:\WINDOWS\SYSTEM32\winmmbase.dll
0x00007ff9947f0000 - 0x00007ff994839000 	C:\WINDOWS\System32\cfgmgr32.dll
0x00000000640f0000 - 0x00000000640ff000 	C:\Program Files\Java\jdk1.8.0_144\jre\bin\verify.dll
0x00000000640c0000 - 0x00000000640e9000 	C:\Program Files\Java\jdk1.8.0_144\jre\bin\java.dll
0x0000000064080000 - 0x00000000640b5000 	C:\Program Files\Java\jdk1.8.0_144\jre\bin\jdwp.dll
0x0000000064070000 - 0x0000000064078000 	C:\Program Files\Java\jdk1.8.0_144\jre\bin\npt.dll
0x0000000064050000 - 0x0000000064066000 	C:\Program Files\Java\jdk1.8.0_144\jre\bin\zip.dll
0x00007ff9956d0000 - 0x00007ff996b0f000 	C:\WINDOWS\System32\SHELL32.dll
0x00007ff996d60000 - 0x00007ff996e09000 	C:\WINDOWS\System32\shcore.dll
0x00007ff994080000 - 0x00007ff99478d000 	C:\WINDOWS\System32\windows.storage.dll
0x00007ff995610000 - 0x00007ff995661000 	C:\WINDOWS\System32\shlwapi.dll
0x00007ff993920000 - 0x00007ff993931000 	C:\WINDOWS\System32\kernel.appcore.dll
0x00007ff993900000 - 0x00007ff99391f000 	C:\WINDOWS\System32\profapi.dll
0x00007ff9938b0000 - 0x00007ff9938fc000 	C:\WINDOWS\System32\powrprof.dll
0x00007ff9938a0000 - 0x00007ff9938aa000 	C:\WINDOWS\System32\FLTLIB.DLL
0x0000000064040000 - 0x0000000064049000 	C:\Program Files\Java\jdk1.8.0_144\jre\bin\dt_socket.dll
0x00007ff986d30000 - 0x00007ff986d46000 	C:\WINDOWS\system32\napinsp.dll
0x00007ff986d10000 - 0x00007ff986d2a000 	C:\WINDOWS\system32\pnrpnsp.dll
0x00007ff98f680000 - 0x00007ff98f699000 	C:\WINDOWS\system32\NLAapi.dll
0x00007ff993100000 - 0x00007ff993166000 	C:\WINDOWS\System32\mswsock.dll
0x00007ff992e60000 - 0x00007ff992f1e000 	C:\WINDOWS\SYSTEM32\DNSAPI.dll
0x00007ff997110000 - 0x00007ff997118000 	C:\WINDOWS\System32\NSI.dll
0x00007ff992e20000 - 0x00007ff992e58000 	C:\WINDOWS\SYSTEM32\IPHLPAPI.DLL
0x00007ff986d00000 - 0x00007ff986d0e000 	C:\WINDOWS\System32\winrnr.dll
0x00007ff989ba0000 - 0x00007ff989bb5000 	C:\WINDOWS\System32\wshbth.dll
0x0000000065c40000 - 0x0000000065c66000 	C:\Program Files\Bonjour\mdnsNSP.dll
0x00007ff98e560000 - 0x00007ff98e5d2000 	C:\WINDOWS\System32\fwpuclnt.dll
0x00007ff9933e0000 - 0x00007ff993405000 	C:\WINDOWS\SYSTEM32\bcrypt.dll
0x00007ff98cfa0000 - 0x00007ff98cfaa000 	C:\Windows\System32\rasadhlp.dll
0x0000000064030000 - 0x000000006403d000 	C:\Program Files\Java\jdk1.8.0_144\jre\bin\management.dll
0x0000000064010000 - 0x000000006402a000 	C:\Program Files\Java\jdk1.8.0_144\jre\bin\net.dll
0x0000000063ff0000 - 0x0000000064001000 	C:\Program Files\Java\jdk1.8.0_144\jre\bin\nio.dll
0x00007ff9932b0000 - 0x00007ff9932c7000 	C:\WINDOWS\SYSTEM32\CRYPTSP.dll
0x00007ff992c80000 - 0x00007ff992cb3000 	C:\WINDOWS\system32\rsaenh.dll
0x00007ff9937b0000 - 0x00007ff9937d8000 	C:\WINDOWS\SYSTEM32\USERENV.dll
0x00007ff9932d0000 - 0x00007ff9932db000 	C:\WINDOWS\SYSTEM32\CRYPTBASE.dll
0x00007ff98e8c0000 - 0x00007ff98e8d6000 	C:\WINDOWS\SYSTEM32\dhcpcsvc6.DLL
0x00007ff98e5e0000 - 0x00007ff98e5fa000 	C:\WINDOWS\SYSTEM32\dhcpcsvc.DLL
0x00007ff98e310000 - 0x00007ff98e4d9000 	C:\WINDOWS\SYSTEM32\dbghelp.dll

VM Arguments:
jvm_args: -agentlib:jdwp=transport=dt_socket,suspend=y,address=localhost:60919 -Dfile.encoding=UTF-8 
java_command: com.app.ApplicationBootResiliencia
java_class_path (initial): C:\Users\tae it\Documents\luiscarlos\resiliencia-master\target\classes;C:\Users\tae it\Documents\luiscarlos\resiliencia-master\src\main\webapp\WEB-INF\poi-3.7.jar;C:\Users\tae it\.m2\repository\javax\mail\mail\1.4.3\mail-1.4.3.jar;C:\Users\tae it\.m2\repository\javax\activation\activation\1.1\activation-1.1.jar;C:\Users\tae it\.m2\repository\org\hibernate\hibernate-core\5.2.12.Final\hibernate-core-5.2.12.Final.jar;C:\Users\tae it\.m2\repository\org\jboss\logging\jboss-logging\3.3.0.Final\jboss-logging-3.3.0.Final.jar;C:\Users\tae it\.m2\repository\org\hibernate\javax\persistence\hibernate-jpa-2.1-api\1.0.0.Final\hibernate-jpa-2.1-api-1.0.0.Final.jar;C:\Users\tae it\.m2\repository\org\javassist\javassist\3.20.0-GA\javassist-3.20.0-GA.jar;C:\Users\tae it\.m2\repository\antlr\antlr\2.7.7\antlr-2.7.7.jar;C:\Users\tae it\.m2\repository\org\jboss\spec\javax\transaction\jboss-transaction-api_1.2_spec\1.0.1.Final\jboss-transaction-api_1.2_spec-1.0.1.Final.jar;C:\Users\tae it\.m2\repository\org\jboss\jandex\2.0.3.Final\jandex-2.0.3.Final.jar;C:\Users\tae it\.m2\repository\com\fasterxml\classmate\1.3.3\classmate-1.3.3.jar;C:\Users\tae it\.m2\repository\dom4j\dom4j\1.6.1\dom4j-1.6.1.jar;C:\Users\tae it\.m2\repository\org\hibernate\common\hibernate-commons-annotations\5.0.1.Final\hibernate-commons-annotations-5.0.1.Final.jar;C:\Users\tae it\.m2\repository\com\google\code\gson\gson\2.8.4\gson-2.8.4.jar;C:\Users\tae it\.m2\repository\org\springframework\spring-orm\5.0.2.RELEASE\spring-orm-5.0.2.RELEASE.jar;C:\Users\tae it\.m2\repository\org\springframework\spring-beans\4.3.11.RELEASE\spring-beans-4.3.11.RELEASE.jar;C:\Users\tae it\.m2\repository\org\springframework\spring-tx\4.3.11.RELEASE\spring-tx-4.3.11.RELEASE.jar;C:\Users\tae it\.m2\repository\org\springframework\spring-core\4.3.11.RELEASE\spring-core-4.3.11.RELEASE.jar;C:\Users\tae it\.m2\repository\org\springframework\spring-webmvc\4.3.11.RELEASE\spring-webmvc-4.3.11.RELEASE.jar;C:\Users\tae it
Launcher Type: SUN_STANDARD

Environment Variables:
JAVA_HOME=C:\Program Files\Java\jdk1.8.0_144\jre
PATH=C:\Program Files\Java\jdk1.8.0_144\jre\bin;C:/Program Files/Java/jre1.8.0_171/bin/server;C:/Program Files/Java/jre1.8.0_171/bin;C:/Program Files/Java/jre1.8.0_171/lib/amd64;C:\Program Files (x86)\Common Files\Oracle\Java\javapath;C:\ProgramData\Oracle\Java\javapath;C:\WINDOWS\system32;C:\WINDOWS;C:\WINDOWS\System32\Wbem;C:\WINDOWS\System32\WindowsPowerShell\v1.0\;C:\Program Files\TortoiseSVN\bin;C:\Program Files\Java\jdk1.8.0_144\bin;C:\Program Files\PuTTY\;C:\Program Files\nodejs\;C:\WINDOWS\System32\OpenSSH\;C:\PostgreSQL\pg10\bin;C:\RailsInstaller\Git\cmd;C:\RailsInstaller\Ruby2.2.0\bin;C:\Users\tae it\AppData\Local\Microsoft\WindowsApps;C:\Users\tae it\AppData\Roaming\npm;C:\Program Files\Microsoft VS Code\bin;;C:\eclipse\eclipse-jee-neon-3-win32-x86_64\eclipse;
USERNAME=tae it
OS=Windows_NT
PROCESSOR_IDENTIFIER=Intel64 Family 6 Model 60 Stepping 3, GenuineIntel



---------------  S Y S T E M  ---------------

OS: Windows 10.0 , 64 bit Build 17134 (10.0.17134.1)

CPU:total 4 (initial active 4) (2 cores per cpu, 2 threads per core) family 6 model 60 stepping 3, cmov, cx8, fxsr, mmx, sse, sse2, sse3, ssse3, sse4.1, sse4.2, popcnt, avx, avx2, aes, clmul, erms, lzcnt, ht, tsc, tscinvbit, bmi1, bmi2

Memory: 4k page, physical 8302956k(655028k free), swap 18788716k(2775944k free)

vm_info: Java HotSpot(TM) 64-Bit Server VM (25.144-b01) for windows-amd64 JRE (1.8.0_144-b01), built on Jul 21 2017 21:57:33 by "java_re" with MS VC++ 10.0 (VS2010)

time: Sat Nov 24 21:55:29 2018
elapsed time: 35 seconds (0d 0h 0m 35s)

