#
# A fatal error has been detected by the Java Runtime Environment:
#
#  EXCEPTION_ACCESS_VIOLATION (0xc0000005) at pc=0x000000006a2a813d, pid=832, tid=0x00000000000032ac
#
# JRE version: Java(TM) SE Runtime Environment (8.0_144-b01) (build 1.8.0_144-b01)
# Java VM: Java HotSpot(TM) 64-Bit Server VM (25.144-b01 mixed mode windows-amd64 compressed oops)
# Problematic frame:
# V  [jvm.dll+0x57813d]
#
# Failed to write core dump. Minidumps are not enabled by default on client versions of Windows
#
# If you would like to submit a bug report, please visit:
#   http://bugreport.java.com/bugreport/crash.jsp
#

---------------  T H R E A D  ---------------

Current thread (0x0000000017a38000):  JavaThread "C2 CompilerThread0" daemon [_thread_in_native, id=12972, stack(0x00000000197e0000,0x00000000198e0000)]

siginfo: ExceptionCode=0xc0000005, reading address 0x00000000000001d0

Registers:
RAX=0x000000006a3c28c0, RBX=0x00000000000001b8, RCX=0x0000000023454e30, RDX=0x0000000000000020
RSP=0x00000000198dc280, RBP=0xffffffffffffffff, RSI=0x0000000023454dc8, RDI=0x0000000021499b20
R8 =0x0000000000000233, R9 =0x0000000000000018, R10=0x000000000000005c, R11=0x0000000000000041
R12=0x000000006a511f88, R13=0x0000000017a4efe0, R14=0x0000000069d30000, R15=0x0000000000000001
RIP=0x000000006a2a813d, EFLAGS=0x0000000000010202

Top of Stack: (sp=0x00000000198dc280)
0x00000000198dc280:   0000000000000001 0000000069d30000
0x00000000198dc290:   0000000017a4dbb8 00000000198dc6f0
0x00000000198dc2a0:   00000000243a3c90 000000006a195aa4
0x00000000198dc2b0:   00000000234b05d8 ffffffffffffffff
0x00000000198dc2c0:   000000001b3e8bf0 000000001e806b50
0x00000000198dc2d0:   00000000242cb390 000000006a195f96
0x00000000198dc2e0:   00000000242cb390 00000000229fa580
0x00000000198dc2f0:   00000000000003e7 ffffffffffffffff
0x00000000198dc300:   0000000500000339 0000000021499b20
0x00000000198dc310:   0000000000000008 0000000000000339
0x00000000198dc320:   0000000000000000 0000000000000000
0x00000000198dc330:   00000000198dc400 00000000000003d8
0x00000000198dc340:   000000001b3e8bd8 000000001b3e8800
0x00000000198dc350:   00000000198dc480 0000000000000000
0x00000000198dc360:   00000000198dc6f0 000000001b3e87f0
0x00000000198dc370:   0000000000000000 000000006a199304 

Instructions: (pc=0x000000006a2a813d)
0x000000006a2a811d:   20 5b c3 48 83 c4 20 5b c3 cc cc cc cc cc cc cc
0x000000006a2a812d:   cc cc cc 40 53 48 83 ec 20 48 8d 9a 98 01 00 00
0x000000006a2a813d:   48 83 7b 18 f7 76 14 4c 8d 05 25 c9 0e 00 ba 08
0x000000006a2a814d:   00 00 00 48 8b cb e8 d8 55 b5 ff 48 8b 43 18 48 


Register to memory mapping:

RAX=0x000000006a3c28c0 is an unknown value
RBX=0x00000000000001b8 is an unknown value
RCX=0x0000000023454e30 is an unknown value
RDX=0x0000000000000020 is an unknown value
RSP=0x00000000198dc280 is pointing into the stack for thread: 0x0000000017a38000
RBP=0xffffffffffffffff is an unknown value
RSI=0x0000000023454dc8 is an unknown value
RDI=0x0000000021499b20 is an unknown value
R8 =0x0000000000000233 is an unknown value
R9 =0x0000000000000018 is an unknown value
R10=0x000000000000005c is an unknown value
R11=0x0000000000000041 is an unknown value
R12=0x000000006a511f88 is an unknown value
R13=0x0000000017a4efe0 is an unknown value
R14=0x0000000069d30000 is an unknown value
R15=0x0000000000000001 is an unknown value


Stack: [0x00000000197e0000,0x00000000198e0000],  sp=0x00000000198dc280,  free space=1008k
Native frames: (J=compiled Java code, j=interpreted, Vv=VM code, C=native code)
V  [jvm.dll+0x57813d]
V  [jvm.dll+0x465aa4]
V  [jvm.dll+0x465f96]
V  [jvm.dll+0x469304]
V  [jvm.dll+0x4745bb]
V  [jvm.dll+0x476ec7]
V  [jvm.dll+0x4598c2]
V  [jvm.dll+0xa5dc2]
V  [jvm.dll+0xa66ff]
V  [jvm.dll+0x24524f]
V  [jvm.dll+0x29ca6a]
C  [msvcr100.dll+0x21d9f]
C  [msvcr100.dll+0x21e3b]
C  [KERNEL32.DLL+0x13034]
C  [ntdll.dll+0x71471]


Current CompileTask:
C2:  22194 4764   !   4       org.springframework.core.annotation.AnnotatedElementUtils::searchWithFindSemantics (713 bytes)


---------------  P R O C E S S  ---------------

Java Threads: ( => current thread )
  0x000000001b2c8800 JavaThread "com.mchange.v2.async.ThreadPoolAsynchronousRunner$PoolThread-#2" daemon [_thread_blocked, id=14840, stack(0x0000000024bd0000,0x0000000024cd0000)]
  0x000000001b2c8000 JavaThread "com.mchange.v2.async.ThreadPoolAsynchronousRunner$PoolThread-#1" daemon [_thread_blocked, id=14192, stack(0x0000000023ed0000,0x0000000023fd0000)]
  0x000000001b2c5000 JavaThread "com.mchange.v2.async.ThreadPoolAsynchronousRunner$PoolThread-#0" daemon [_thread_blocked, id=7372, stack(0x0000000023dd0000,0x0000000023ed0000)]
  0x000000001b2c4000 JavaThread "Timer-0" daemon [_thread_blocked, id=5332, stack(0x0000000022c90000,0x0000000022d90000)]
  0x000000001ab85800 JavaThread "container-0" [_thread_blocked, id=16088, stack(0x0000000022a30000,0x0000000022b30000)]
  0x000000001c7b3000 JavaThread "ContainerBackgroundProcessor[StandardEngine[Tomcat]]" daemon [_thread_blocked, id=1040, stack(0x0000000021960000,0x0000000021a60000)]
  0x000000001f754000 JavaThread "localhost-startStop-1" daemon [_thread_blocked, id=7388, stack(0x0000000021860000,0x0000000021960000)]
  0x0000000021271800 JavaThread "Tomcat-startStop-1" daemon [_thread_blocked, id=15620, stack(0x0000000021760000,0x0000000021860000)]
  0x000000001990a000 JavaThread "Service Thread" daemon [_thread_blocked, id=9672, stack(0x0000000019ee0000,0x0000000019fe0000)]
  0x0000000017a6b000 JavaThread "C1 CompilerThread2" daemon [_thread_blocked, id=13048, stack(0x0000000019de0000,0x0000000019ee0000)]
  0x0000000017a6a000 JavaThread "C2 CompilerThread1" daemon [_thread_in_native, id=2564, stack(0x0000000019ce0000,0x0000000019de0000)]
=>0x0000000017a38000 JavaThread "C2 CompilerThread0" daemon [_thread_in_native, id=12972, stack(0x00000000197e0000,0x00000000198e0000)]
  0x0000000017a2c000 JavaThread "JDWP Command Reader" daemon [_thread_in_native, id=13544, stack(0x00000000196e0000,0x00000000197e0000)]
  0x0000000017a28800 JavaThread "JDWP Event Helper Thread" daemon [_thread_blocked, id=11468, stack(0x00000000195e0000,0x00000000196e0000)]
  0x0000000017a1c800 JavaThread "JDWP Transport Listener: dt_socket" daemon [_thread_blocked, id=3784, stack(0x00000000190a0000,0x00000000191a0000)]
  0x0000000017a10000 JavaThread "Attach Listener" daemon [_thread_blocked, id=13408, stack(0x0000000018fa0000,0x00000000190a0000)]
  0x0000000017a0f000 JavaThread "Signal Dispatcher" daemon [_thread_blocked, id=12984, stack(0x0000000018ea0000,0x0000000018fa0000)]
  0x0000000002e9e000 JavaThread "Finalizer" daemon [_thread_blocked, id=11464, stack(0x0000000018c90000,0x0000000018d90000)]
  0x00000000179d9000 JavaThread "Reference Handler" daemon [_thread_blocked, id=1388, stack(0x0000000018b90000,0x0000000018c90000)]
  0x0000000002da4000 JavaThread "main" [_thread_in_Java, id=4488, stack(0x0000000002ca0000,0x0000000002da0000)]

Other Threads:
  0x00000000179d8000 VMThread [stack: 0x0000000018a90000,0x0000000018b90000] [id=7048]
  0x0000000019940000 WatcherThread [stack: 0x0000000019fe0000,0x000000001a0e0000] [id=14648]

VM state:not at safepoint (normal execution)

VM Mutex/Monitor currently owned by a thread: None

Heap:
 PSYoungGen      total 229888K, used 101980K [0x00000000d5c00000, 0x00000000e9780000, 0x0000000100000000)
  eden space 216064K, 47% used [0x00000000d5c00000,0x00000000dbf973c8,0x00000000e2f00000)
  from space 13824K, 0% used [0x00000000e2f00000,0x00000000e2f00000,0x00000000e3c80000)
  to   space 16384K, 0% used [0x00000000e8780000,0x00000000e8780000,0x00000000e9780000)
 ParOldGen       total 91136K, used 24654K [0x0000000081400000, 0x0000000086d00000, 0x00000000d5c00000)
  object space 91136K, 27% used [0x0000000081400000,0x0000000082c13a40,0x0000000086d00000)
 Metaspace       used 44293K, capacity 44894K, committed 45312K, reserved 1089536K
  class space    used 5436K, capacity 5554K, committed 5632K, reserved 1048576K

Card table byte_map: [0x0000000012260000,0x0000000012660000] byte_map_base: 0x0000000011e56000

Marking Bits: (ParMarkBitMap*) 0x000000006a54d850
 Begin Bits: [0x0000000012d10000, 0x0000000014cc0000)
 End Bits:   [0x0000000014cc0000, 0x0000000016c70000)

Polling page: 0x0000000000bf0000

CodeCache: size=245760Kb used=17785Kb max_used=17785Kb free=227974Kb
 bounds [0x0000000002ea0000, 0x0000000004010000, 0x0000000011ea0000]
 total_blobs=4657 nmethods=4209 adapters=367
 compilation: enabled

Compilation events (10 events):
Event: 22.002 Thread 0x0000000017a6b000 4890       3       java.lang.reflect.Executable::getParameters (11 bytes)
Event: 22.002 Thread 0x0000000017a6b000 nmethod 4890 0x0000000003fd7c90 code [0x0000000003fd7e20, 0x0000000003fd8158]
Event: 22.002 Thread 0x0000000017a6b000 4891   !   3       java.lang.reflect.Executable::privateGetParameters (62 bytes)
Event: 22.003 Thread 0x0000000017a6b000 nmethod 4891 0x0000000003fd75d0 code [0x0000000003fd7780, 0x0000000003fd7b18]
Event: 22.003 Thread 0x0000000017a6b000 4892       3       org.hibernate.validator.internal.util.TypeHelper::isAssignable (246 bytes)
Event: 22.005 Thread 0x0000000017a6b000 nmethod 4892 0x0000000003fd3b90 code [0x0000000003fd3fe0, 0x0000000003fd6e38]
Event: 22.005 Thread 0x0000000017a6b000 4895       1       org.hibernate.validator.internal.metadata.raw.ConstrainedParameter::getTypeArgumentsConstraints (5 bytes)
Event: 22.005 Thread 0x0000000017a6b000 nmethod 4895 0x0000000003f6f790 code [0x0000000003f6f8e0, 0x0000000003f6f9f0]
Event: 22.005 Thread 0x0000000017a6b000 4893       1       sun.reflect.annotation.AnnotatedTypeFactory$AnnotatedTypeBaseImpl::getTypeAnnotations (5 bytes)
Event: 22.005 Thread 0x0000000017a6b000 nmethod 4893 0x0000000003f693d0 code [0x0000000003f69520, 0x0000000003f69630]

GC Heap History (10 events):
Event: 6.081 GC heap before
{Heap before GC invocations=7 (full 1):
 PSYoungGen      total 140288K, used 5549K [0x00000000d5c00000, 0x00000000dec00000, 0x0000000100000000)
  eden space 133120K, 0% used [0x00000000d5c00000,0x00000000d5c00000,0x00000000dde00000)
  from space 7168K, 77% used [0x00000000de500000,0x00000000dea6b5b8,0x00000000dec00000)
  to   space 7168K, 0% used [0x00000000dde00000,0x00000000dde00000,0x00000000de500000)
 ParOldGen       total 87552K, used 6302K [0x0000000081400000, 0x0000000086980000, 0x00000000d5c00000)
  object space 87552K, 7% used [0x0000000081400000,0x0000000081a27a40,0x0000000086980000)
 Metaspace       used 20899K, capacity 21146K, committed 21248K, reserved 1069056K
  class space    used 2461K, capacity 2540K, committed 2560K, reserved 1048576K
Event: 6.163 GC heap after
Heap after GC invocations=7 (full 1):
 PSYoungGen      total 140288K, used 0K [0x00000000d5c00000, 0x00000000dec00000, 0x0000000100000000)
  eden space 133120K, 0% used [0x00000000d5c00000,0x00000000d5c00000,0x00000000dde00000)
  from space 7168K, 0% used [0x00000000de500000,0x00000000de500000,0x00000000dec00000)
  to   space 7168K, 0% used [0x00000000dde00000,0x00000000dde00000,0x00000000de500000)
 ParOldGen       total 52736K, used 6939K [0x0000000081400000, 0x0000000084780000, 0x00000000d5c00000)
  object space 52736K, 13% used [0x0000000081400000,0x0000000081ac6cb8,0x0000000084780000)
 Metaspace       used 20899K, capacity 21146K, committed 21248K, reserved 1069056K
  class space    used 2461K, capacity 2540K, committed 2560K, reserved 1048576K
}
Event: 10.421 GC heap before
{Heap before GC invocations=8 (full 1):
 PSYoungGen      total 140288K, used 133098K [0x00000000d5c00000, 0x00000000dec00000, 0x0000000100000000)
  eden space 133120K, 99% used [0x00000000d5c00000,0x00000000dddfa9d0,0x00000000dde00000)
  from space 7168K, 0% used [0x00000000de500000,0x00000000de500000,0x00000000dec00000)
  to   space 7168K, 0% used [0x00000000dde00000,0x00000000dde00000,0x00000000de500000)
 ParOldGen       total 52736K, used 6939K [0x0000000081400000, 0x0000000084780000, 0x00000000d5c00000)
  object space 52736K, 13% used [0x0000000081400000,0x0000000081ac6cb8,0x0000000084780000)
 Metaspace       used 30281K, capacity 30628K, committed 30976K, reserved 1077248K
  class space    used 3653K, capacity 3771K, committed 3840K, reserved 1048576K
Event: 10.446 GC heap after
Heap after GC invocations=8 (full 1):
 PSYoungGen      total 140288K, used 7163K [0x00000000d5c00000, 0x00000000e4a00000, 0x0000000100000000)
  eden space 133120K, 0% used [0x00000000d5c00000,0x00000000d5c00000,0x00000000dde00000)
  from space 7168K, 99% used [0x00000000dde00000,0x00000000de4fee70,0x00000000de500000)
  to   space 11776K, 0% used [0x00000000e3e80000,0x00000000e3e80000,0x00000000e4a00000)
 ParOldGen       total 52736K, used 15054K [0x0000000081400000, 0x0000000084780000, 0x00000000d5c00000)
  object space 52736K, 28% used [0x0000000081400000,0x00000000822b3bf8,0x0000000084780000)
 Metaspace       used 30281K, capacity 30628K, committed 30976K, reserved 1077248K
  class space    used 3653K, capacity 3771K, committed 3840K, reserved 1048576K
}
Event: 14.053 GC heap before
{Heap before GC invocations=9 (full 1):
 PSYoungGen      total 140288K, used 140283K [0x00000000d5c00000, 0x00000000e4a00000, 0x0000000100000000)
  eden space 133120K, 100% used [0x00000000d5c00000,0x00000000dde00000,0x00000000dde00000)
  from space 7168K, 99% used [0x00000000dde00000,0x00000000de4fee70,0x00000000de500000)
  to   space 11776K, 0% used [0x00000000e3e80000,0x00000000e3e80000,0x00000000e4a00000)
 ParOldGen       total 52736K, used 15054K [0x0000000081400000, 0x0000000084780000, 0x00000000d5c00000)
  object space 52736K, 28% used [0x0000000081400000,0x00000000822b3bf8,0x0000000084780000)
 Metaspace       used 32972K, capacity 33434K, committed 33792K, reserved 1079296K
  class space    used 3962K, capacity 4084K, committed 4096K, reserved 1048576K
Event: 14.084 GC heap after
Heap after GC invocations=9 (full 1):
 PSYoungGen      total 226304K, used 11772K [0x00000000d5c00000, 0x00000000e4a00000, 0x0000000100000000)
  eden space 214528K, 0% used [0x00000000d5c00000,0x00000000d5c00000,0x00000000e2d80000)
  from space 11776K, 99% used [0x00000000e3e80000,0x00000000e49ff188,0x00000000e4a00000)
  to   space 13824K, 0% used [0x00000000e2f00000,0x00000000e2f00000,0x00000000e3c80000)
 ParOldGen       total 52736K, used 16482K [0x0000000081400000, 0x0000000084780000, 0x00000000d5c00000)
  object space 52736K, 31% used [0x0000000081400000,0x0000000082418b38,0x0000000084780000)
 Metaspace       used 32972K, capacity 33434K, committed 33792K, reserved 1079296K
  class space    used 3962K, capacity 4084K, committed 4096K, reserved 1048576K
}
Event: 16.766 GC heap before
{Heap before GC invocations=10 (full 1):
 PSYoungGen      total 226304K, used 103855K [0x00000000d5c00000, 0x00000000e4a00000, 0x0000000100000000)
  eden space 214528K, 42% used [0x00000000d5c00000,0x00000000db5ecc18,0x00000000e2d80000)
  from space 11776K, 99% used [0x00000000e3e80000,0x00000000e49ff188,0x00000000e4a00000)
  to   space 13824K, 0% used [0x00000000e2f00000,0x00000000e2f00000,0x00000000e3c80000)
 ParOldGen       total 52736K, used 16482K [0x0000000081400000, 0x0000000084780000, 0x00000000d5c00000)
  object space 52736K, 31% used [0x0000000081400000,0x0000000082418b38,0x0000000084780000)
 Metaspace       used 34800K, capacity 35322K, committed 35416K, reserved 1081344K
  class space    used 4154K, capacity 4284K, committed 4352K, reserved 1048576K
Event: 16.801 GC heap after
Heap after GC invocations=10 (full 1):
 PSYoungGen      total 229888K, used 13819K [0x00000000d5c00000, 0x00000000e9780000, 0x0000000100000000)
  eden space 216064K, 0% used [0x00000000d5c00000,0x00000000d5c00000,0x00000000e2f00000)
  from space 13824K, 99% used [0x00000000e2f00000,0x00000000e3c7ef80,0x00000000e3c80000)
  to   space 16384K, 0% used [0x00000000e8780000,0x00000000e8780000,0x00000000e9780000)
 ParOldGen       total 52736K, used 19278K [0x0000000081400000, 0x0000000084780000, 0x00000000d5c00000)
  object space 52736K, 36% used [0x0000000081400000,0x00000000826d3a88,0x0000000084780000)
 Metaspace       used 34800K, capacity 35322K, committed 35416K, reserved 1081344K
  class space    used 4154K, capacity 4284K, committed 4352K, reserved 1048576K
}
Event: 16.801 GC heap before
{Heap before GC invocations=11 (full 2):
 PSYoungGen      total 229888K, used 13819K [0x00000000d5c00000, 0x00000000e9780000, 0x0000000100000000)
  eden space 216064K, 0% used [0x00000000d5c00000,0x00000000d5c00000,0x00000000e2f00000)
  from space 13824K, 99% used [0x00000000e2f00000,0x00000000e3c7ef80,0x00000000e3c80000)
  to   space 16384K, 0% used [0x00000000e8780000,0x00000000e8780000,0x00000000e9780000)
 ParOldGen       total 52736K, used 19278K [0x0000000081400000, 0x0000000084780000, 0x00000000d5c00000)
  object space 52736K, 36% used [0x0000000081400000,0x00000000826d3a88,0x0000000084780000)
 Metaspace       used 34800K, capacity 35322K, committed 35416K, reserved 1081344K
  class space    used 4154K, capacity 4284K, committed 4352K, reserved 1048576K
Event: 16.917 GC heap after
Heap after GC invocations=11 (full 2):
 PSYoungGen      total 229888K, used 0K [0x00000000d5c00000, 0x00000000e9780000, 0x0000000100000000)
  eden space 216064K, 0% used [0x00000000d5c00000,0x00000000d5c00000,0x00000000e2f00000)
  from space 13824K, 0% used [0x00000000e2f00000,0x00000000e2f00000,0x00000000e3c80000)
  to   space 16384K, 0% used [0x00000000e8780000,0x00000000e8780000,0x00000000e9780000)
 ParOldGen       total 91136K, used 24654K [0x0000000081400000, 0x0000000086d00000, 0x00000000d5c00000)
  object space 91136K, 27% used [0x0000000081400000,0x0000000082c13a40,0x0000000086d00000)
 Metaspace       used 34800K, capacity 35322K, committed 35416K, reserved 1081344K
  class space    used 4154K, capacity 4284K, committed 4352K, reserved 1048576K
}

Deoptimization events (10 events):
Event: 22.010 Thread 0x0000000002da4000 Uncommon trap: reason=unhandled action=none pc=0x00000000033b64d4 method=java.net.URLClassLoader.findClass(Ljava/lang/String;)Ljava/lang/Class; @ 44
Event: 22.010 Thread 0x0000000002da4000 Uncommon trap: reason=unhandled action=none pc=0x00000000033b64d4 method=java.net.URLClassLoader.findClass(Ljava/lang/String;)Ljava/lang/Class; @ 44
Event: 22.011 Thread 0x0000000002da4000 Uncommon trap: reason=unhandled action=none pc=0x00000000033b64d4 method=java.net.URLClassLoader.findClass(Ljava/lang/String;)Ljava/lang/Class; @ 44
Event: 22.011 Thread 0x0000000002da4000 Uncommon trap: reason=unhandled action=none pc=0x00000000033b64d4 method=java.net.URLClassLoader.findClass(Ljava/lang/String;)Ljava/lang/Class; @ 44
Event: 22.011 Thread 0x0000000002da4000 Uncommon trap: reason=unhandled action=none pc=0x00000000033b64d4 method=java.net.URLClassLoader.findClass(Ljava/lang/String;)Ljava/lang/Class; @ 44
Event: 22.011 Thread 0x0000000002da4000 Uncommon trap: reason=unhandled action=none pc=0x00000000033b64d4 method=java.net.URLClassLoader.findClass(Ljava/lang/String;)Ljava/lang/Class; @ 44
Event: 22.011 Thread 0x0000000002da4000 Uncommon trap: reason=unhandled action=none pc=0x00000000033b64d4 method=java.net.URLClassLoader.findClass(Ljava/lang/String;)Ljava/lang/Class; @ 44
Event: 22.011 Thread 0x0000000002da4000 Uncommon trap: reason=unhandled action=none pc=0x00000000033b64d4 method=java.net.URLClassLoader.findClass(Ljava/lang/String;)Ljava/lang/Class; @ 44
Event: 22.012 Thread 0x0000000002da4000 Uncommon trap: reason=unhandled action=none pc=0x00000000033b64d4 method=java.net.URLClassLoader.findClass(Ljava/lang/String;)Ljava/lang/Class; @ 44
Event: 22.012 Thread 0x0000000002da4000 Uncommon trap: reason=unhandled action=none pc=0x00000000033b64d4 method=java.net.URLClassLoader.findClass(Ljava/lang/String;)Ljava/lang/Class; @ 44

Internal exceptions (10 events):
Event: 21.998 Thread 0x0000000002da4000 Exception <a 'java/lang/ArrayIndexOutOfBoundsException': 55> (0x00000000db6c49a0) thrown at [C:\re\workspace\8-2-build-windows-amd64-cygwin\jdk8u144\9417\hotspot\src\share\vm\interpreter\interpreterRuntime.cpp, line 366]
Event: 21.999 Thread 0x0000000002da4000 Exception <a 'java/lang/ArrayIndexOutOfBoundsException': 56> (0x00000000db6d6e10) thrown at [C:\re\workspace\8-2-build-windows-amd64-cygwin\jdk8u144\9417\hotspot\src\share\vm\interpreter\interpreterRuntime.cpp, line 366]
Event: 21.999 Thread 0x0000000002da4000 Exception <a 'java/lang/ArrayIndexOutOfBoundsException': 77> (0x00000000db6dcdc8) thrown at [C:\re\workspace\8-2-build-windows-amd64-cygwin\jdk8u144\9417\hotspot\src\share\vm\interpreter\interpreterRuntime.cpp, line 366]
Event: 22.003 Thread 0x0000000002da4000 Exception <a 'java/lang/ClassNotFoundException': java/lang/ObjectCustomizer> (0x00000000db7397e8) thrown at [C:\re\workspace\8-2-build-windows-amd64-cygwin\jdk8u144\9417\hotspot\src\share\vm\classfile\systemDictionary.cpp, line 210]
Event: 22.004 Thread 0x0000000002da4000 Exception <a 'java/lang/ClassNotFoundException': org/springframework/boot/autoconfigure/orm/jpa/JpaBaseConfigurationCustomizer> (0x00000000db753340) thrown at [C:\re\workspace\8-2-build-windows-amd64-cygwin\jdk8u144\9417\hotspot\src\share\vm\classfile\sys
Event: 22.005 Thread 0x0000000002da4000 Exception <a 'java/lang/ArrayIndexOutOfBoundsException': 230> (0x00000000db7581b0) thrown at [C:\re\workspace\8-2-build-windows-amd64-cygwin\jdk8u144\9417\hotspot\src\share\vm\interpreter\interpreterRuntime.cpp, line 366]
Event: 22.009 Thread 0x0000000002da4000 Exception <a 'java/lang/ClassNotFoundException': org/springframework/boot/autoconfigure/orm/jpa/HibernateJpaAutoConfigurationCustomizer> (0x00000000db7777f8) thrown at [C:\re\workspace\8-2-build-windows-amd64-cygwin\jdk8u144\9417\hotspot\src\share\vm\clas
Event: 22.010 Thread 0x0000000002da4000 Exception <a 'java/lang/ClassNotFoundException': org/springframework/boot/autoconfigure/orm/jpa/HibernateJpaAutoConfiguration$$EnhancerBySpringCGLIB$$c1a16589Customizer> (0x00000000db7979c8) thrown at [C:\re\workspace\8-2-build-windows-amd64-cygwin\jdk8u1
Event: 22.011 Thread 0x0000000002da4000 Exception <a 'java/lang/ClassNotFoundException': org/springframework/context/annotation/ConfigurationClassEnhancer$EnhancedConfigurationCustomizer> (0x00000000db7be1b8) thrown at [C:\re\workspace\8-2-build-windows-amd64-cygwin\jdk8u144\9417\hotspot\src\sh
Event: 22.012 Thread 0x0000000002da4000 Exception <a 'java/lang/ClassNotFoundException': org/springframework/beans/factory/BeanFactoryAwareCustomizer> (0x00000000db7d0958) thrown at [C:\re\workspace\8-2-build-windows-amd64-cygwin\jdk8u144\9417\hotspot\src\share\vm\classfile\systemDictionary.cpp

Events (10 events):
Event: 22.012 Thread 0x0000000002da4000 DEOPT PACKING pc=0x0000000003316cac sp=0x0000000002d9e370
Event: 22.012 Thread 0x0000000002da4000 DEOPT UNPACKING pc=0x0000000002ee787f sp=0x0000000002d9e0d0 mode 1
Event: 22.012 Thread 0x0000000002da4000 DEOPT PACKING pc=0x00000000036a26f4 sp=0x0000000002d9e410
Event: 22.012 Thread 0x0000000002da4000 DEOPT UNPACKING pc=0x0000000002ee787f sp=0x0000000002d9e218 mode 1
Event: 22.012 loading class org/springframework/beans/factory/BeanFactoryAwareCustomizer
Event: 22.012 loading class org/springframework/beans/factory/BeanFactoryAwareCustomizer done
Event: 22.012 Thread 0x0000000002da4000 DEOPT PACKING pc=0x00000000038b84dc sp=0x0000000002d9e450
Event: 22.012 Thread 0x0000000002da4000 DEOPT UNPACKING pc=0x0000000002ee787f sp=0x0000000002d9e1a8 mode 1
Event: 22.013 Thread 0x0000000002da4000 DEOPT PACKING pc=0x00000000035ae0ec sp=0x0000000002d9e220
Event: 22.013 Thread 0x0000000002da4000 DEOPT UNPACKING pc=0x0000000002ee787f sp=0x0000000002d9df70 mode 1


Dynamic libraries:
0x00007ff6d5070000 - 0x00007ff6d50a7000 	C:\Program Files\Java\jdk1.8.0_144\bin\javaw.exe
0x00007ffacd380000 - 0x00007ffacd561000 	C:\WINDOWS\SYSTEM32\ntdll.dll
0x00007ffacc300000 - 0x00007ffacc3b2000 	C:\WINDOWS\System32\KERNEL32.DLL
0x00007ffac9b50000 - 0x00007ffac9dc3000 	C:\WINDOWS\System32\KERNELBASE.dll
0x00007ffacd130000 - 0x00007ffacd1d1000 	C:\WINDOWS\System32\ADVAPI32.dll
0x00007ffacced0000 - 0x00007ffaccf6e000 	C:\WINDOWS\System32\msvcrt.dll
0x00007ffaccf70000 - 0x00007ffaccfcb000 	C:\WINDOWS\System32\sechost.dll
0x00007ffacc7e0000 - 0x00007ffacc904000 	C:\WINDOWS\System32\RPCRT4.dll
0x00007ffacc4f0000 - 0x00007ffacc680000 	C:\WINDOWS\System32\USER32.dll
0x00007ffac9910000 - 0x00007ffac9930000 	C:\WINDOWS\System32\win32u.dll
0x00007ffacc4c0000 - 0x00007ffacc4e8000 	C:\WINDOWS\System32\GDI32.dll
0x00007ffac9770000 - 0x00007ffac9902000 	C:\WINDOWS\System32\gdi32full.dll
0x00007ffac9ab0000 - 0x00007ffac9b4f000 	C:\WINDOWS\System32\msvcp_win.dll
0x00007ffac99b0000 - 0x00007ffac9aaa000 	C:\WINDOWS\System32\ucrtbase.dll
0x00007ffab5250000 - 0x00007ffab54b9000 	C:\WINDOWS\WinSxS\amd64_microsoft.windows.common-controls_6595b64144ccf1df_6.0.17134.407_none_fb449d63306391e9\COMCTL32.dll
0x00007ffaccab0000 - 0x00007ffaccdd2000 	C:\WINDOWS\System32\combase.dll
0x00007ffac9930000 - 0x00007ffac99aa000 	C:\WINDOWS\System32\bcryptPrimitives.dll
0x00007ffacc730000 - 0x00007ffacc75d000 	C:\WINDOWS\System32\IMM32.DLL
0x000000006aaa0000 - 0x000000006ab72000 	C:\Program Files\Java\jdk1.8.0_144\jre\bin\msvcr100.dll
0x0000000069d30000 - 0x000000006a5cd000 	C:\Program Files\Java\jdk1.8.0_144\jre\bin\server\jvm.dll
0x00007ffaca7f0000 - 0x00007ffaca7f8000 	C:\WINDOWS\System32\PSAPI.DLL
0x00007ffaba470000 - 0x00007ffaba479000 	C:\WINDOWS\SYSTEM32\WSOCK32.dll
0x00007ffacc760000 - 0x00007ffacc7cc000 	C:\WINDOWS\System32\WS2_32.dll
0x00007ffac7550000 - 0x00007ffac7573000 	C:\WINDOWS\SYSTEM32\WINMM.dll
0x00007ffabd510000 - 0x00007ffabd51a000 	C:\WINDOWS\SYSTEM32\VERSION.dll
0x00007ffac7520000 - 0x00007ffac754a000 	C:\WINDOWS\SYSTEM32\winmmbase.dll
0x00007ffac9720000 - 0x00007ffac9769000 	C:\WINDOWS\System32\cfgmgr32.dll
0x000000006c340000 - 0x000000006c34f000 	C:\Program Files\Java\jdk1.8.0_144\jre\bin\verify.dll
0x000000006bec0000 - 0x000000006bee9000 	C:\Program Files\Java\jdk1.8.0_144\jre\bin\java.dll
0x0000000069cf0000 - 0x0000000069d25000 	C:\Program Files\Java\jdk1.8.0_144\jre\bin\jdwp.dll
0x000000006c330000 - 0x000000006c338000 	C:\Program Files\Java\jdk1.8.0_144\jre\bin\npt.dll
0x000000006bea0000 - 0x000000006beb6000 	C:\Program Files\Java\jdk1.8.0_144\jre\bin\zip.dll
0x00007ffaca800000 - 0x00007ffacbc3f000 	C:\WINDOWS\System32\SHELL32.dll
0x00007ffacc680000 - 0x00007ffacc729000 	C:\WINDOWS\System32\shcore.dll
0x00007ffac9dd0000 - 0x00007ffaca4dd000 	C:\WINDOWS\System32\windows.storage.dll
0x00007ffacd240000 - 0x00007ffacd291000 	C:\WINDOWS\System32\shlwapi.dll
0x00007ffac9700000 - 0x00007ffac9711000 	C:\WINDOWS\System32\kernel.appcore.dll
0x00007ffac9670000 - 0x00007ffac968f000 	C:\WINDOWS\System32\profapi.dll
0x00007ffac9690000 - 0x00007ffac96dc000 	C:\WINDOWS\System32\powrprof.dll
0x00007ffac9660000 - 0x00007ffac966a000 	C:\WINDOWS\System32\FLTLIB.DLL
0x000000006bd00000 - 0x000000006bd09000 	C:\Program Files\Java\jdk1.8.0_144\jre\bin\dt_socket.dll
0x00007ffabbcd0000 - 0x00007ffabbce6000 	C:\WINDOWS\system32\napinsp.dll
0x00007ffabbcb0000 - 0x00007ffabbcca000 	C:\WINDOWS\system32\pnrpnsp.dll
0x00007ffac5f30000 - 0x00007ffac5f49000 	C:\WINDOWS\system32\NLAapi.dll
0x00007ffac8e80000 - 0x00007ffac8ee6000 	C:\WINDOWS\System32\mswsock.dll
0x00007ffac8c40000 - 0x00007ffac8cfe000 	C:\WINDOWS\SYSTEM32\DNSAPI.dll
0x00007ffaca7e0000 - 0x00007ffaca7e8000 	C:\WINDOWS\System32\NSI.dll
0x00007ffac8c00000 - 0x00007ffac8c38000 	C:\WINDOWS\SYSTEM32\IPHLPAPI.DLL
0x00007ffabbca0000 - 0x00007ffabbcae000 	C:\WINDOWS\System32\winrnr.dll
0x00007ffac1630000 - 0x00007ffac1645000 	C:\WINDOWS\System32\wshbth.dll
0x000000006be70000 - 0x000000006be96000 	C:\Program Files\Bonjour\mdnsNSP.dll
0x00007ffac1c00000 - 0x00007ffac1c72000 	C:\WINDOWS\System32\fwpuclnt.dll
0x00007ffac9160000 - 0x00007ffac9185000 	C:\WINDOWS\SYSTEM32\bcrypt.dll
0x00007ffabf870000 - 0x00007ffabf87a000 	C:\Windows\System32\rasadhlp.dll
0x000000006bcf0000 - 0x000000006bcfd000 	C:\Program Files\Java\jdk1.8.0_144\jre\bin\management.dll
0x000000006aa80000 - 0x000000006aa9a000 	C:\Program Files\Java\jdk1.8.0_144\jre\bin\net.dll
0x0000000069cd0000 - 0x0000000069ce1000 	C:\Program Files\Java\jdk1.8.0_144\jre\bin\nio.dll
0x00007ffac9030000 - 0x00007ffac9047000 	C:\WINDOWS\SYSTEM32\CRYPTSP.dll
0x00007ffac8a60000 - 0x00007ffac8a93000 	C:\WINDOWS\system32\rsaenh.dll
0x00007ffac9590000 - 0x00007ffac95b8000 	C:\WINDOWS\SYSTEM32\USERENV.dll
0x00007ffac9050000 - 0x00007ffac905b000 	C:\WINDOWS\SYSTEM32\CRYPTBASE.dll
0x00007ffac3ed0000 - 0x00007ffac3ee6000 	C:\WINDOWS\SYSTEM32\dhcpcsvc6.DLL
0x00007ffac3eb0000 - 0x00007ffac3eca000 	C:\WINDOWS\SYSTEM32\dhcpcsvc.DLL
0x00007ffabd230000 - 0x00007ffabd3f9000 	C:\WINDOWS\SYSTEM32\dbghelp.dll

VM Arguments:
jvm_args: -agentlib:jdwp=transport=dt_socket,suspend=y,address=localhost:59614 -Dfile.encoding=UTF-8 
java_command: com.app.ApplicationBootResiliencia
java_class_path (initial): C:\Users\tae it\Documents\luiscarlos\resiliencia-master\target\classes;C:\Users\tae it\.m2\repository\javax\mail\mail\1.4.3\mail-1.4.3.jar;C:\Users\tae it\.m2\repository\javax\activation\activation\1.1\activation-1.1.jar;C:\Users\tae it\.m2\repository\org\hibernate\hibernate-core\5.2.12.Final\hibernate-core-5.2.12.Final.jar;C:\Users\tae it\.m2\repository\org\jboss\logging\jboss-logging\3.3.0.Final\jboss-logging-3.3.0.Final.jar;C:\Users\tae it\.m2\repository\org\hibernate\javax\persistence\hibernate-jpa-2.1-api\1.0.0.Final\hibernate-jpa-2.1-api-1.0.0.Final.jar;C:\Users\tae it\.m2\repository\org\javassist\javassist\3.20.0-GA\javassist-3.20.0-GA.jar;C:\Users\tae it\.m2\repository\antlr\antlr\2.7.7\antlr-2.7.7.jar;C:\Users\tae it\.m2\repository\org\jboss\spec\javax\transaction\jboss-transaction-api_1.2_spec\1.0.1.Final\jboss-transaction-api_1.2_spec-1.0.1.Final.jar;C:\Users\tae it\.m2\repository\org\jboss\jandex\2.0.3.Final\jandex-2.0.3.Final.jar;C:\Users\tae it\.m2\repository\com\fasterxml\classmate\1.3.3\classmate-1.3.3.jar;C:\Users\tae it\.m2\repository\dom4j\dom4j\1.6.1\dom4j-1.6.1.jar;C:\Users\tae it\.m2\repository\org\hibernate\common\hibernate-commons-annotations\5.0.1.Final\hibernate-commons-annotations-5.0.1.Final.jar;C:\Users\tae it\.m2\repository\com\google\code\gson\gson\2.8.4\gson-2.8.4.jar;C:\Users\tae it\.m2\repository\org\springframework\spring-orm\5.0.2.RELEASE\spring-orm-5.0.2.RELEASE.jar;C:\Users\tae it\.m2\repository\org\springframework\spring-beans\4.3.11.RELEASE\spring-beans-4.3.11.RELEASE.jar;C:\Users\tae it\.m2\repository\org\springframework\spring-tx\4.3.11.RELEASE\spring-tx-4.3.11.RELEASE.jar;C:\Users\tae it\.m2\repository\org\springframework\spring-core\4.3.11.RELEASE\spring-core-4.3.11.RELEASE.jar;C:\Users\tae it\.m2\repository\org\springframework\spring-webmvc\4.3.11.RELEASE\spring-webmvc-4.3.11.RELEASE.jar;C:\Users\tae it\.m2\repository\org\springframework\spring-aop\4.3.11.RELEASE\spring-aop-4.3.11.RELEASE.jar;
Launcher Type: SUN_STANDARD

Environment Variables:
JAVA_HOME=C:\Program Files\Java\jdk1.8.0_144\jre
PATH=C:\Program Files\Java\jdk1.8.0_144\jre\bin;C:/Program Files/Java/jre1.8.0_171/bin/server;C:/Program Files/Java/jre1.8.0_171/bin;C:/Program Files/Java/jre1.8.0_171/lib/amd64;C:\Program Files (x86)\Common Files\Oracle\Java\javapath;C:\ProgramData\Oracle\Java\javapath;C:\WINDOWS\system32;C:\WINDOWS;C:\WINDOWS\System32\Wbem;C:\WINDOWS\System32\WindowsPowerShell\v1.0\;C:\Program Files\TortoiseSVN\bin;C:\Program Files\Java\jdk1.8.0_144\bin;C:\Program Files\PuTTY\;C:\Program Files\nodejs\;C:\WINDOWS\System32\OpenSSH\;C:\PostgreSQL\pg10\bin;C:\RailsInstaller\Git\cmd;C:\RailsInstaller\Ruby2.2.0\bin;C:\Users\tae it\AppData\Local\Microsoft\WindowsApps;C:\Users\tae it\AppData\Roaming\npm;C:\Program Files\Microsoft VS Code\bin;;C:\eclipse\eclipse-jee-neon-3-win32-x86_64\eclipse;
USERNAME=tae it
OS=Windows_NT
PROCESSOR_IDENTIFIER=Intel64 Family 6 Model 60 Stepping 3, GenuineIntel



---------------  S Y S T E M  ---------------

OS: Windows 10.0 , 64 bit Build 17134 (10.0.17134.1)

CPU:total 4 (initial active 4) (2 cores per cpu, 2 threads per core) family 6 model 60 stepping 3, cmov, cx8, fxsr, mmx, sse, sse2, sse3, ssse3, sse4.1, sse4.2, popcnt, avx, avx2, aes, clmul, erms, lzcnt, ht, tsc, tscinvbit, bmi1, bmi2

Memory: 4k page, physical 8302956k(1398216k free), swap 17740140k(7212932k free)

vm_info: Java HotSpot(TM) 64-Bit Server VM (25.144-b01) for windows-amd64 JRE (1.8.0_144-b01), built on Jul 21 2017 21:57:33 by "java_re" with MS VC++ 10.0 (VS2010)

time: Thu Dec 06 17:14:52 2018
elapsed time: 22 seconds (0d 0h 0m 22s)

